=======================================================
 Gaussian Integer AP Identity Verification
 b(N) = N * D_Zi(N-1) - Sigma_Zi(N-1)
=======================================================

[OK] r2 sieve sanity checks passed (r2[1..5] = 4,4,0,4,8)

[OK] f sieve sanity checks passed (f[1,2,3,5] = 16,32,0,64)

--- Phase 2: Formula vs Direct Verification (N = 2..500) ---
     N         b_direct        b_formula    match
------ ---------------- ---------------- --------
     2               16               16       OK
     3               64               64       OK
     4              112              112       OK
     5              208              208       OK
     6              368              368       OK
     7              528              528       OK
     8              688              688       OK
     9              912              912       OK
    10             1168             1168       OK
    11             1552             1552       OK
    12             1936             1936       OK
    13             2320             2320       OK
    14             2768             2768       OK
    15             3216             3216       OK
    16             3664             3664       OK
    17             4192             4192       OK
    18             4784             4784       OK
    19             5440             5440       OK
    20             6096             6096       OK
    21             6944             6944       OK
    22             7792             7792       OK
    23             8640             8640       OK
    24             9488             9488       OK
    25            10336            10336       OK
    26            11344            11344       OK
    27            12480            12480       OK
    28            13616            13616       OK
    29            14752            14752       OK
    30            15952            15952       OK
    50            49712            49712       OK
   100           233824           233824       OK
   150           572896           572896       OK
   200          1073376          1073376       OK
   250          1745984          1745984       OK
   300          2599552          2599552       OK
   350          3630944          3630944       OK
   400          4843680          4843680       OK
   450          6249152          6249152       OK
   500          7842464          7842464       OK
...

[OK] All N in [2, 500] verified.

--- Phase 3: Formula values for larger N ---
         N            D_Zi(N-1)        Sigma_Zi(N-1)                 b(N)
---------- -------------------- -------------------- --------------------
       500                33360              8837536              7842464
      1000                73824             39022704             34801296
      2000               161856            170808592            152903408
      3000               256288            406792096            362071904
      4000               352160            742269440            666370560
      5000               450256           1182556576           1068723424
      6000               553600           1750160704           1571439296
      7000               656720           2420839952           2176200048
      8000               759344           3190302192           2884449808
      9000               864240           4080575472           3697584528
     10000               970912           5092133104           4616986896

--- Phase 4: Growth rate b(N) / (N^2 * logN) ---
         N                 b(N)      b(N)/(N^2 logN)
---------- -------------------- --------------------
        10                 1168           5.07255955
       100               233824           5.07742365
      1000             34801296           5.03800361
      5000           1068723424           5.01913436
     10000           4616986896           5.01282983

=======================================================
 Identity verified. Ready for error-term analysis.
=======================================================
